
######################################################################
Error!! occured in wrongAddressingMethodTest.am on line number 3
type of destination operand passed to operation is not accepted!
######################################################################

######################################################################
Error!! occured in wrongAddressingMethodTest.am on line number 7
type of destination operand passed to operation is not accepted!
######################################################################

######################################################################
Error!! occured in wrongAddressingMethodTest.am on line number 9
type of destination operand passed to operation is not accepted!
######################################################################

######################################################################
Error!! occured in wrongAddressingMethodTest.am on line number 11
type of source operand passed to operation is not accepted!
######################################################################

######################################################################
Error!! occured in wrongAddressingMethodTest.am on line number 13
Missing Commas between arguments
######################################################################

######################################################################
Error!! occured in wrongAddressingMethodTest.am on line number 13
Missing Commas between arguments
######################################################################

######################################################################
Error!! occured in wrongAddressingMethodTest.am on line number 13
Extra operands passed as paramters
######################################################################

######################################################################
Error!! occured in wrongAddressingMethodTest.am on line number 15
type of source operand passed to operation is not accepted!
######################################################################

######################################################################
Error!! occured in wrongAddressingMethodTest.am on line number 15
type of destination operand passed to operation is not accepted!
######################################################################

######################################################################
Error!! occured in wrongAddressingMethodTest.am on line number 17
type of destination operand passed to operation is not accepted!
######################################################################

######################################################################
Error!! occured in wrongAddressingMethodTest.am on line number 19
type of destination operand passed to operation is not accepted!
######################################################################

######################################################################
Error!! occured in wrongAddressingMethodTest.am on line number 21
type of destination operand passed to operation is not accepted!
######################################################################

######################################################################
Error!! occured in wrongAddressingMethodTest.am on line number 23
type of destination operand passed to operation is not accepted!
######################################################################

######################################################################
Error!! occured in wrongAddressingMethodTest.am on line number 25
type of destination operand passed to operation is not accepted!
######################################################################

######################################################################
Error!! occured in wrongAddressingMethodTest.am on line number 27
type of destination operand passed to operation is not accepted!
######################################################################

######################################################################
Error!! occured in wrongAddressingMethodTest.am on line number 28
symbol already declared and defined locally,
so it could not be re-declared as external variable.
######################################################################

######################################################################
Error!! occured in wrongAddressingMethodTest.am on line number 30
type of destination operand passed to operation is not accepted!
######################################################################

######################################################################
Error!! occured in wrongAddressingMethodTest.am on line number 32
type of destination operand passed to operation is not accepted!
######################################################################

######################################################################
Error!! occured in wrongAddressingMethodTest.am on line number 34
type of destination operand passed to operation is not accepted!
######################################################################

######################################################################
Error!! occured in wrongAddressingMethodTest.am on line number 36
type of destination operand passed to operation is not accepted!
######################################################################

######################################################################
Error!! occured in wrongAddressingMethodTest.am on line number 38
type of destination operand passed to operation is not accepted!
######################################################################
